<?xml version="1.0" encoding="UTF-8"?>
<!-- Generated by org.testng.reporters.JUnitReportReporter -->
<testsuite skipped="0" hostname="DESKTOP-HRM2BI9" name="com.syntax.Test.TestNGtest" tests="1" failures="0" timestamp="2020-08-30T21:50:38 EDT" time="0.005" errors="0">
  <testcase name="hello" time="0.005" classname="com.syntax.Test.TestNGtest"/>
  <system-out/>
</testsuite> <!-- com.syntax.Test.TestNGtest -->
