<?xml version="1.0" encoding="UTF-8"?>
<!-- Generated by org.testng.reporters.JUnitReportReporter -->
<testsuite skipped="0" hostname="RomalLoptop" name="com.syntax.TestNG1.DifferentAnnotations" tests="3" failures="0" timestamp="2020-09-26T12:51:36 EDT" time="0.009" errors="0">
  <testcase name="testMethod3" time="0.002" classname="com.syntax.TestNG1.DifferentAnnotations"/>
  <system-out/>
  <testcase name="testMethod2" time="0.002" classname="com.syntax.TestNG1.DifferentAnnotations"/>
  <system-out/>
  <testcase name="testMethod" time="0.005" classname="com.syntax.TestNG1.DifferentAnnotations"/>
  <system-out/>
</testsuite> <!-- com.syntax.TestNG1.DifferentAnnotations -->
