<?xml version="1.0" encoding="UTF-8"?>
<!-- Generated by org.testng.reporters.JUnitReportReporter -->
<testsuite skipped="0" hostname="DESKTOP-HRM2BI9" name="com.syntax.TestNG3.GroupsExample" tests="2" failures="0" timestamp="2020-09-05T00:45:22 EDT" time="16.477" errors="0">
  <testcase name="invalidLogin" time="6.417" classname="com.syntax.TestNG3.GroupsExample"/>
  <system-out/>
  <testcase name="validLogin" time="10.060" classname="com.syntax.TestNG3.GroupsExample"/>
  <system-out/>
</testsuite> <!-- com.syntax.TestNG3.GroupsExample -->
