<?xml version="1.0" encoding="UTF-8"?>
<!-- Generated by org.testng.reporters.JUnitReportReporter -->
<testsuite skipped="0" hostname="RomalLoptop" name="com.syntax.TestNG1.TDDConcepts" tests="3" failures="0" timestamp="2020-10-28T21:56:58 EDT" time="0.009" errors="0">
  <testcase name="tea" time="0.001" classname="com.syntax.TestNG1.TDDConcepts"/>
  <system-out/>
  <testcase name="hello" time="0.007" classname="com.syntax.TestNG1.TDDConcepts"/>
  <system-out/>
  <testcase name="welcome" time="0.001" classname="com.syntax.TestNG1.TDDConcepts"/>
  <system-out/>
</testsuite> <!-- com.syntax.TestNG1.TDDConcepts -->
