<?xml version="1.0" encoding="UTF-8"?>
<!-- Generated by org.testng.reporters.JUnitReportReporter -->
<testsuite skipped="0" hostname="DESKTOP-HRM2BI9" name="com.syntax.TestNG2.Dependency" tests="2" failures="0" timestamp="2020-09-05T00:18:53 EDT" time="15.019" errors="0">
  <testcase name="validLogin" time="6.539" classname="com.syntax.TestNG2.Dependency"/>
  <system-out/>
  <testcase name="invalidLogin" time="8.480" classname="com.syntax.TestNG2.Dependency"/>
  <system-out/>
</testsuite> <!-- com.syntax.TestNG2.Dependency -->
