<?xml version="1.0" encoding="UTF-8"?>
<!-- Generated by org.testng.reporters.JUnitReportReporter -->
<testsuite skipped="0" hostname="RomalLoptop" name="com.syntax.TestNG1.TestNGDependencies" tests="2" failures="0" timestamp="2020-09-25T18:16:24 EDT" time="0.009" errors="0">
  <testcase name="checkReport" time="0.001" classname="com.syntax.TestNG1.TestNGDependencies"/>
  <system-out/>
  <testcase name="login" time="0.008" classname="com.syntax.TestNG1.TestNGDependencies"/>
  <system-out/>
</testsuite> <!-- com.syntax.TestNG1.TestNGDependencies -->
