<?xml version="1.0" encoding="UTF-8"?>
<!-- Generated by org.testng.reporters.JUnitReportReporter -->
<testsuite skipped="1" hostname="RomalLoptop" name="com.syntax.TestNG1.HrmsTestCases" tests="3" failures="0" timestamp="2020-09-26T12:58:42 EDT" time="11.128" errors="0">
  <testcase name="titleValidation" time="5.076" classname="com.syntax.TestNG1.HrmsTestCases"/>
  <system-out/>
  <testcase name="validLogin" time="6.052" classname="com.syntax.TestNG1.HrmsTestCases"/>
  <system-out/>
  <testcase name="invalidLogin" classname="com.syntax.TestNG1.HrmsTestCases">
    <skipped/>
  </testcase> <!-- invalidLogin -->
  <system-out/>
</testsuite> <!-- com.syntax.TestNG1.HrmsTestCases -->
