<?xml version="1.0" encoding="UTF-8"?>
<!-- Generated by org.testng.reporters.JUnitReportReporter -->
<testsuite skipped="0" hostname="DESKTOP-HRM2BI9" name="com.syntax.TestNG3.LoginPageTest" tests="3" failures="0" timestamp="2020-09-05T23:42:03 EDT" time="47.721" errors="0">
  <testcase name="multipleLogin" time="15.726" classname="com.syntax.TestNG3.LoginPageTest"/>
  <system-out/>
  <testcase name="multipleLogin" time="16.239" classname="com.syntax.TestNG3.LoginPageTest"/>
  <system-out/>
  <testcase name="multipleLogin" time="15.756" classname="com.syntax.TestNG3.LoginPageTest"/>
  <system-out/>
</testsuite> <!-- com.syntax.TestNG3.LoginPageTest -->
