<?xml version="1.0" encoding="UTF-8"?>
<!-- Generated by org.testng.reporters.JUnitReportReporter -->
<testsuite skipped="0" hostname="DESKTOP-HRM2BI9" name="com.syntax.TestNG2.AllAnotations" tests="1" failures="0" timestamp="2020-09-05T00:15:39 EDT" time="0.007" errors="0">
  <testcase name="testMethod" time="0.007" classname="com.syntax.TestNG2.AllAnotations"/>
  <system-out/>
</testsuite> <!-- com.syntax.TestNG2.AllAnotations -->
