<?xml version="1.0" encoding="UTF-8"?>
<!-- Generated by org.testng.reporters.JUnitReportReporter -->
<testsuite skipped="0" hostname="DESKTOP-HRM2BI9" name="com.syntax.TestNG1.TestNGtest" tests="1" failures="0" timestamp="2020-09-02T01:21:45 EDT" time="0.006" errors="0">
  <testcase name="hello" time="0.006" classname="com.syntax.TestNG1.TestNGtest"/>
  <system-out/>
</testsuite> <!-- com.syntax.TestNG1.TestNGtest -->
