<?xml version="1.0" encoding="UTF-8"?>
<!-- Generated by org.testng.reporters.JUnitReportReporter -->
<testsuite skipped="0" hostname="DESKTOP-HRM2BI9" name="com.syntax.TestNG2.HardAssertionExample" tests="3" failures="0" timestamp="2020-09-05T00:39:23 EDT" time="19.118" errors="0">
  <testcase name="titleValidation" time="6.025" classname="com.syntax.TestNG2.HardAssertionExample"/>
  <system-out/>
  <testcase name="logoValidation" time="6.568" classname="com.syntax.TestNG2.HardAssertionExample"/>
  <system-out/>
  <testcase name="loginFormText" time="6.525" classname="com.syntax.TestNG2.HardAssertionExample"/>
  <system-out/>
</testsuite> <!-- com.syntax.TestNG2.HardAssertionExample -->
