<?xml version="1.0" encoding="UTF-8"?>
<!-- Generated by org.testng.reporters.JUnitReportReporter -->
<testsuite skipped="0" hostname="DESKTOP-HRM2BI9" name="com.syntax.TestNG2.IssueWithoutAssertion" tests="2" failures="0" timestamp="2020-09-05T00:35:34 EDT" time="20.936" errors="0">
  <testcase name="titleValidation" time="9.440" classname="com.syntax.TestNG2.IssueWithoutAssertion"/>
  <system-out/>
  <testcase name="validLogin" time="11.496" classname="com.syntax.TestNG2.IssueWithoutAssertion"/>
  <system-out/>
</testsuite> <!-- com.syntax.TestNG2.IssueWithoutAssertion -->
