<?xml version="1.0" encoding="UTF-8"?>
<!-- Generated by org.testng.reporters.JUnitReportReporter -->
<testsuite skipped="0" hostname="RomalLoptop" name="com.syntax.class11.TesnNgtest" tests="1" failures="0" timestamp="2020-09-21T01:30:34 EDT" time="0.007" errors="0">
  <testcase name="hello" time="0.007" classname="com.syntax.class11.TesnNgtest"/>
  <system-out/>
</testsuite> <!-- com.syntax.class11.TesnNgtest -->
